#
# There is insufficient memory for the Java Runtime Environment to continue.
# Native memory allocation (malloc) failed to allocate 294096 bytes for Chunk::new
# Possible reasons:
#   The system is out of physical RAM or swap space
#   In 32 bit mode, the process size limit was hit
# Possible solutions:
#   Reduce memory load on the system
#   Increase physical memory or swap space
#   Check if swap backing store is full
#   Use 64 bit Java on a 64 bit OS
#   Decrease Java heap size (-Xmx/-Xms)
#   Decrease number of Java threads
#   Decrease Java thread stack sizes (-Xss)
#   Set larger code cache with -XX:ReservedCodeCacheSize=
# This output file may be truncated or incomplete.
#
#  Out of Memory Error (allocation.cpp:390), pid=6032, tid=0x00000000000017a4
#
# JRE version: Java(TM) SE Runtime Environment (8.0_171-b11) (build 1.8.0_171-b11)
# Java VM: Java HotSpot(TM) 64-Bit Server VM (25.171-b11 mixed mode windows-amd64 compressed oops)
# Failed to write core dump. Minidumps are not enabled by default on client versions of Windows
#

---------------  T H R E A D  ---------------

Current thread (0x00000000575cc000):  JavaThread "C2 CompilerThread0" daemon [_thread_in_native, id=6052, stack(0x0000000057db0000,0x0000000057eb0000)]

Stack: [0x0000000057db0000,0x0000000057eb0000]
[error occurred during error reporting (printing stack bounds), id 0xc0000005]

Native frames: (J=compiled Java code, j=interpreted, Vv=VM code, C=native code)


Current CompileTask:
C2:   2493 2109       4       java.io.WinNTFileSystem::normalize (143 bytes)


---------------  P R O C E S S  ---------------

Java Threads: ( => current thread )
  0x0000000058b9e000 JavaThread "Thread-1" [_thread_in_vm, id=6644, stack(0x000000005b690000,0x000000005b790000)]
  0x000000005766f000 JavaThread "Service Thread" daemon [_thread_blocked, id=8076, stack(0x0000000058000000,0x0000000058100000)]
  0x000000005766c000 JavaThread "C1 CompilerThread2" daemon [_thread_blocked, id=8080, stack(0x0000000055f50000,0x0000000056050000)]
  0x00000000575ce000 JavaThread "C2 CompilerThread1" daemon [_thread_in_native, id=6448, stack(0x0000000056660000,0x0000000056760000)]
=>0x00000000575cc000 JavaThread "C2 CompilerThread0" daemon [_thread_in_native, id=6052, stack(0x0000000057db0000,0x0000000057eb0000)]
  0x0000000057532000 JavaThread "Monitor Ctrl-Break" daemon [_thread_in_native, id=6516, stack(0x0000000056a00000,0x0000000056b00000)]
  0x000000005625d000 JavaThread "Attach Listener" daemon [_thread_blocked, id=5348, stack(0x00000000568f0000,0x00000000569f0000)]
  0x0000000054f0f800 JavaThread "Signal Dispatcher" daemon [_thread_blocked, id=3120, stack(0x0000000056770000,0x0000000056870000)]
  0x0000000054ef1000 JavaThread "Finalizer" daemon [_thread_blocked, id=6568, stack(0x0000000056150000,0x0000000056250000)]
  0x0000000054eaa000 JavaThread "Reference Handler" daemon [_thread_blocked, id=6788, stack(0x0000000056050000,0x0000000056150000)]
  0x0000000002220000 JavaThread "main" [_thread_in_Java, id=5544, stack(0x00000000024a0000,0x00000000025a0000)]

Other Threads:
  0x0000000054ea2800 VMThread [stack: 0x0000000011f90000,0x0000000012090000] [id=5716]
  0x000000005773a800 WatcherThread [stack: 0x0000000058220000,0x0000000058320000] [id=6180]

VM state:not at safepoint (normal execution)

VM Mutex/Monitor currently owned by a thread: None

Heap:
 PSYoungGen      total 68096K, used 10491K [0x00000000eab00000, 0x00000000ef000000, 0x0000000100000000)
  eden space 65536K, 12% used [0x00000000eab00000,0x00000000eb2c2e78,0x00000000eeb00000)
  from space 2560K, 99% used [0x00000000eed80000,0x00000000eeffc010,0x00000000ef000000)
  to   space 2560K, 0% used [0x00000000eeb00000,0x00000000eeb00000,0x00000000eed80000)
 ParOldGen       total 40448K, used 17828K [0x00000000c0000000, 0x00000000c2780000, 0x00000000eab00000)
  object space 40448K, 44% used [0x00000000c0000000,0x00000000c1169220,0x00000000c2780000)
 Metaspace       used 24925K, capacity 25582K, committed 25728K, reserved 1071104K
  class space    used 3198K, capacity 3361K, committed 3456K, reserved 1048576K

Card table byte_map: [0x0000000011960000,0x0000000011b70000] byte_map_base: 0x0000000011360000

Marking Bits: (ParMarkBitMap*) 0x00000000574008c0
 Begin Bits: [0x0000000012310000, 0x0000000013310000)
 End Bits:   [0x0000000013310000, 0x0000000014310000)

Polling page: 0x0000000000230000

CodeCache: size=245760Kb used=7748Kb max_used=7748Kb free=238011Kb
 bounds [0x00000000025a0000, 0x0000000002d40000, 0x00000000115a0000]
 total_blobs=2537 nmethods=2140 adapters=309
 compilation: enabled

Compilation events (10 events):
Event: 2.473 Thread 0x000000005766c000 2152       3       org.springframework.util.StringUtils::collectionToDelimitedString (10 bytes)
Event: 2.473 Thread 0x000000005766c000 nmethod 2152 0x0000000002d30410 code [0x0000000002d30580, 0x0000000002d306e8]
Event: 2.477 Thread 0x000000005766c000 2153   !   3       java.util.zip.ZipFile::close (223 bytes)
Event: 2.479 Thread 0x000000005766c000 nmethod 2153 0x0000000002d30790 code [0x0000000002d30a80, 0x0000000002d32408]
Event: 2.479 Thread 0x000000005766c000 2154   !   3       java.util.zip.Inflater::end (50 bytes)
Event: 2.479 Thread 0x000000005766c000 nmethod 2154 0x0000000002d334d0 code [0x0000000002d33660, 0x0000000002d33ae8]
Event: 2.479 Thread 0x000000005766c000 2155       3       java.util.zip.ZStreamRef::clear (6 bytes)
Event: 2.479 Thread 0x000000005766c000 nmethod 2155 0x0000000002d33d10 code [0x0000000002d33e60, 0x0000000002d33fd0]
Event: 2.486 Thread 0x000000005766c000 2156       3       org.springframework.util.Assert::hasLength (17 bytes)
Event: 2.486 Thread 0x000000005766c000 nmethod 2156 0x0000000002d34050 code [0x0000000002d341e0, 0x0000000002d34628]

GC Heap History (10 events):
Event: 1.072 GC heap before
{Heap before GC invocations=3 (full 0):
 PSYoungGen      total 35328K, used 35304K [0x00000000eab00000, 0x00000000ed000000, 0x0000000100000000)
  eden space 32768K, 100% used [0x00000000eab00000,0x00000000ecb00000,0x00000000ecb00000)
  from space 2560K, 99% used [0x00000000ecd80000,0x00000000ecffa020,0x00000000ed000000)
  to   space 2560K, 0% used [0x00000000ecb00000,0x00000000ecb00000,0x00000000ecd80000)
 ParOldGen       total 44032K, used 1694K [0x00000000c0000000, 0x00000000c2b00000, 0x00000000eab00000)
  object space 44032K, 3% used [0x00000000c0000000,0x00000000c01a7af8,0x00000000c2b00000)
 Metaspace       used 13894K, capacity 14322K, committed 14464K, reserved 1062912K
  class space    used 1749K, capacity 1875K, committed 1920K, reserved 1048576K
Event: 1.089 GC heap after
Heap after GC invocations=3 (full 0):
 PSYoungGen      total 35328K, used 2528K [0x00000000eab00000, 0x00000000ef000000, 0x0000000100000000)
  eden space 32768K, 0% used [0x00000000eab00000,0x00000000eab00000,0x00000000ecb00000)
  from space 2560K, 98% used [0x00000000ecb00000,0x00000000ecd783a0,0x00000000ecd80000)
  to   space 2560K, 0% used [0x00000000eed80000,0x00000000eed80000,0x00000000ef000000)
 ParOldGen       total 44032K, used 4708K [0x00000000c0000000, 0x00000000c2b00000, 0x00000000eab00000)
  object space 44032K, 10% used [0x00000000c0000000,0x00000000c0499398,0x00000000c2b00000)
 Metaspace       used 13894K, capacity 14322K, committed 14464K, reserved 1062912K
  class space    used 1749K, capacity 1875K, committed 1920K, reserved 1048576K
}
Event: 1.408 GC heap before
{Heap before GC invocations=4 (full 0):
 PSYoungGen      total 35328K, used 35296K [0x00000000eab00000, 0x00000000ef000000, 0x0000000100000000)
  eden space 32768K, 100% used [0x00000000eab00000,0x00000000ecb00000,0x00000000ecb00000)
  from space 2560K, 98% used [0x00000000ecb00000,0x00000000ecd783a0,0x00000000ecd80000)
  to   space 2560K, 0% used [0x00000000eed80000,0x00000000eed80000,0x00000000ef000000)
 ParOldGen       total 44032K, used 4708K [0x00000000c0000000, 0x00000000c2b00000, 0x00000000eab00000)
  object space 44032K, 10% used [0x00000000c0000000,0x00000000c0499398,0x00000000c2b00000)
 Metaspace       used 16793K, capacity 17286K, committed 17536K, reserved 1064960K
  class space    used 2196K, capacity 2319K, committed 2432K, reserved 1048576K
Event: 1.415 GC heap after
Heap after GC invocations=4 (full 0):
 PSYoungGen      total 68096K, used 2528K [0x00000000eab00000, 0x00000000ef000000, 0x0000000100000000)
  eden space 65536K, 0% used [0x00000000eab00000,0x00000000eab00000,0x00000000eeb00000)
  from space 2560K, 98% used [0x00000000eed80000,0x00000000eeff83c0,0x00000000ef000000)
  to   space 2560K, 0% used [0x00000000eeb00000,0x00000000eeb00000,0x00000000eed80000)
 ParOldGen       total 44032K, used 7743K [0x00000000c0000000, 0x00000000c2b00000, 0x00000000eab00000)
  object space 44032K, 17% used [0x00000000c0000000,0x00000000c078fd28,0x00000000c2b00000)
 Metaspace       used 16793K, capacity 17286K, committed 17536K, reserved 1064960K
  class space    used 2196K, capacity 2319K, committed 2432K, reserved 1048576K
}
Event: 1.697 GC heap before
{Heap before GC invocations=5 (full 0):
 PSYoungGen      total 68096K, used 35429K [0x00000000eab00000, 0x00000000ef000000, 0x0000000100000000)
  eden space 65536K, 50% used [0x00000000eab00000,0x00000000ecb21090,0x00000000eeb00000)
  from space 2560K, 98% used [0x00000000eed80000,0x00000000eeff83c0,0x00000000ef000000)
  to   space 2560K, 0% used [0x00000000eeb00000,0x00000000eeb00000,0x00000000eed80000)
 ParOldGen       total 44032K, used 7743K [0x00000000c0000000, 0x00000000c2b00000, 0x00000000eab00000)
  object space 44032K, 17% used [0x00000000c0000000,0x00000000c078fd28,0x00000000c2b00000)
 Metaspace       used 20557K, capacity 21088K, committed 21248K, reserved 1067008K
  class space    used 2622K, capacity 2752K, committed 2816K, reserved 1048576K
Event: 1.704 GC heap after
Heap after GC invocations=5 (full 0):
 PSYoungGen      total 68096K, used 2544K [0x00000000eab00000, 0x00000000ef000000, 0x0000000100000000)
  eden space 65536K, 0% used [0x00000000eab00000,0x00000000eab00000,0x00000000eeb00000)
  from space 2560K, 99% used [0x00000000eeb00000,0x00000000eed7c3d0,0x00000000eed80000)
  to   space 2560K, 0% used [0x00000000eed80000,0x00000000eed80000,0x00000000ef000000)
 ParOldGen       total 44032K, used 11474K [0x00000000c0000000, 0x00000000c2b00000, 0x00000000eab00000)
  object space 44032K, 26% used [0x00000000c0000000,0x00000000c0b34b08,0x00000000c2b00000)
 Metaspace       used 20557K, capacity 21088K, committed 21248K, reserved 1067008K
  class space    used 2622K, capacity 2752K, committed 2816K, reserved 1048576K
}
Event: 1.704 GC heap before
{Heap before GC invocations=6 (full 1):
 PSYoungGen      total 68096K, used 2544K [0x00000000eab00000, 0x00000000ef000000, 0x0000000100000000)
  eden space 65536K, 0% used [0x00000000eab00000,0x00000000eab00000,0x00000000eeb00000)
  from space 2560K, 99% used [0x00000000eeb00000,0x00000000eed7c3d0,0x00000000eed80000)
  to   space 2560K, 0% used [0x00000000eed80000,0x00000000eed80000,0x00000000ef000000)
 ParOldGen       total 44032K, used 11474K [0x00000000c0000000, 0x00000000c2b00000, 0x00000000eab00000)
  object space 44032K, 26% used [0x00000000c0000000,0x00000000c0b34b08,0x00000000c2b00000)
 Metaspace       used 20557K, capacity 21088K, committed 21248K, reserved 1067008K
  class space    used 2622K, capacity 2752K, committed 2816K, reserved 1048576K
Event: 1.756 GC heap after
Heap after GC invocations=6 (full 1):
 PSYoungGen      total 68096K, used 0K [0x00000000eab00000, 0x00000000ef000000, 0x0000000100000000)
  eden space 65536K, 0% used [0x00000000eab00000,0x00000000eab00000,0x00000000eeb00000)
  from space 2560K, 0% used [0x00000000eeb00000,0x00000000eeb00000,0x00000000eed80000)
  to   space 2560K, 0% used [0x00000000eed80000,0x00000000eed80000,0x00000000ef000000)
 ParOldGen       total 40448K, used 10176K [0x00000000c0000000, 0x00000000c2780000, 0x00000000eab00000)
  object space 40448K, 25% used [0x00000000c0000000,0x00000000c09f00d8,0x00000000c2780000)
 Metaspace       used 20557K, capacity 21088K, committed 21248K, reserved 1067008K
  class space    used 2622K, capacity 2752K, committed 2816K, reserved 1048576K
}
Event: 2.463 GC heap before
{Heap before GC invocations=7 (full 1):
 PSYoungGen      total 68096K, used 65536K [0x00000000eab00000, 0x00000000ef000000, 0x0000000100000000)
  eden space 65536K, 100% used [0x00000000eab00000,0x00000000eeb00000,0x00000000eeb00000)
  from space 2560K, 0% used [0x00000000eeb00000,0x00000000eeb00000,0x00000000eed80000)
  to   space 2560K, 0% used [0x00000000eed80000,0x00000000eed80000,0x00000000ef000000)
 ParOldGen       total 40448K, used 10176K [0x00000000c0000000, 0x00000000c2780000, 0x00000000eab00000)
  object space 40448K, 25% used [0x00000000c0000000,0x00000000c09f00d8,0x00000000c2780000)
 Metaspace       used 24565K, capacity 25230K, committed 25472K, reserved 1071104K
  class space    used 3172K, capacity 3329K, committed 3456K, reserved 1048576K
Event: 2.473 GC heap after
Heap after GC invocations=7 (full 1):
 PSYoungGen      total 68096K, used 2544K [0x00000000eab00000, 0x00000000ef000000, 0x0000000100000000)
  eden space 65536K, 0% used [0x00000000eab00000,0x00000000eab00000,0x00000000eeb00000)
  from space 2560K, 99% used [0x00000000eed80000,0x00000000eeffc010,0x00000000ef000000)
  to   space 2560K, 0% used [0x00000000eeb00000,0x00000000eeb00000,0x00000000eed80000)
 ParOldGen       total 40448K, used 17828K [0x00000000c0000000, 0x00000000c2780000, 0x00000000eab00000)
  object space 40448K, 44% used [0x00000000c0000000,0x00000000c1169220,0x00000000c2780000)
 Metaspace       used 24565K, capacity 25230K, committed 25472K, reserved 1071104K
  class space    used 3172K, capacity 3329K, committed 3456K, reserved 1048576K
}

Deoptimization events (10 events):
Event: 2.139 Thread 0x0000000002220000 Uncommon trap: reason=unstable_if action=reinterpret pc=0x0000000002b1809c method=sun.net.www.protocol.jar.Handler.parseURL(Ljava/net/URL;Ljava/lang/String;II)V @ 94
Event: 2.247 Thread 0x0000000058402000 Uncommon trap: reason=unstable_if action=reinterpret pc=0x0000000002bd0300 method=com.sun.org.apache.xerces.internal.impl.XMLEntityScanner.scanLiteral(ILcom/sun/org/apache/xerces/internal/xni/XMLString;Z)I @ 44
Event: 2.249 Thread 0x0000000058402000 Uncommon trap: reason=unstable_if action=reinterpret pc=0x0000000002c08078 method=com.sun.org.apache.xerces.internal.util.SymbolTable.addSymbol([CII)Ljava/lang/String; @ 38
Event: 2.305 Thread 0x0000000058402000 Uncommon trap: reason=bimorphic action=maybe_recompile pc=0x00000000029960b8 method=java.util.HashMap.putVal(ILjava/lang/Object;Ljava/lang/Object;ZZ)Ljava/lang/Object; @ 203
Event: 2.305 Thread 0x0000000058402000 Uncommon trap: reason=bimorphic action=maybe_recompile pc=0x00000000029960b8 method=java.util.HashMap.putVal(ILjava/lang/Object;Ljava/lang/Object;ZZ)Ljava/lang/Object; @ 203
Event: 2.309 Thread 0x0000000058402000 Uncommon trap: reason=unstable_if action=reinterpret pc=0x0000000002b48900 method=java.lang.reflect.Method.equals(Ljava/lang/Object;)Z @ 49
Event: 2.318 Thread 0x0000000058402000 Uncommon trap: reason=bimorphic action=maybe_recompile pc=0x00000000029960b8 method=java.util.HashMap.putVal(ILjava/lang/Object;Ljava/lang/Object;ZZ)Ljava/lang/Object; @ 203
Event: 2.319 Thread 0x0000000002220000 Uncommon trap: reason=unstable_if action=reinterpret pc=0x0000000002aecd0c method=org.springframework.asm.ClassReader.readUTF(II[C)Ljava/lang/String; @ 98
Event: 2.319 Thread 0x0000000002220000 Uncommon trap: reason=unstable_if action=reinterpret pc=0x0000000002a8f288 method=org.springframework.asm.ClassReader.readUTF(II[C)Ljava/lang/String; @ 98
Event: 2.345 Thread 0x0000000058402000 Uncommon trap: reason=predicate action=maybe_recompile pc=0x00000000029348d8 method=java.lang.String.regionMatches(ZILjava/lang/String;II)Z @ 63

Classes redefined (0 events):
No events

Internal exceptions (10 events):
Event: 1.591 Thread 0x0000000002220000 Exception <a 'java/lang/ClassNotFoundException': org/springframework/context/annotation/ConfigurationClassPostProcessorCustomizer> (0x00000000ec1007d8) thrown at [C:\re\workspace\8-2-build-windows-amd64-cygwin\jdk8u171\10807\hotspot\src\share\vm\classfile
Event: 1.615 Thread 0x0000000002220000 Exception <a 'java/lang/ClassNotFoundException': org/springframework/beans/factory/support/BeanDefinitionRegistryPostProcessorCustomizer> (0x00000000ec20e130) thrown at [C:\re\workspace\8-2-build-windows-amd64-cygwin\jdk8u171\10807\hotspot\src\share\vm\cl
Event: 1.615 Thread 0x0000000002220000 Exception <a 'java/lang/ClassNotFoundException': org/springframework/core/PriorityOrderedCustomizer> (0x00000000ec22b5a0) thrown at [C:\re\workspace\8-2-build-windows-amd64-cygwin\jdk8u171\10807\hotspot\src\share\vm\classfile\systemDictionary.cpp, line 21
Event: 1.616 Thread 0x0000000002220000 Exception <a 'java/lang/ClassNotFoundException': org/springframework/context/ResourceLoaderAwareCustomizer> (0x00000000ec24a9d0) thrown at [C:\re\workspace\8-2-build-windows-amd64-cygwin\jdk8u171\10807\hotspot\src\share\vm\classfile\systemDictionary.cpp, 
Event: 1.616 Thread 0x0000000002220000 Exception <a 'java/lang/ClassNotFoundException': org/springframework/beans/factory/BeanClassLoaderAwareCustomizer> (0x00000000ec26e020) thrown at [C:\re\workspace\8-2-build-windows-amd64-cygwin\jdk8u171\10807\hotspot\src\share\vm\classfile\systemDictionar
Event: 1.617 Thread 0x0000000002220000 Exception <a 'java/lang/ClassNotFoundException': org/springframework/context/EnvironmentAwareCustomizer> (0x00000000ec28d5c8) thrown at [C:\re\workspace\8-2-build-windows-amd64-cygwin\jdk8u171\10807\hotspot\src\share\vm\classfile\systemDictionary.cpp, lin
Event: 1.622 Thread 0x0000000002220000 Exception <a 'java/lang/NoClassDefFoundError': org/reactivestreams/Publisher> (0x00000000ec3bbd80) thrown at [C:\re\workspace\8-2-build-windows-amd64-cygwin\jdk8u171\10807\hotspot\src\share\vm\classfile\systemDictionary.cpp, line 199]
Event: 1.623 Thread 0x0000000002220000 Exception <a 'java/lang/NoClassDefFoundError': rx/Observable> (0x00000000ec3cc9c8) thrown at [C:\re\workspace\8-2-build-windows-amd64-cygwin\jdk8u171\10807\hotspot\src\share\vm\classfile\systemDictionary.cpp, line 199]
Event: 1.624 Thread 0x0000000002220000 Exception <a 'java/lang/NoClassDefFoundError': org/reactivestreams/Publisher> (0x00000000ec3e1230) thrown at [C:\re\workspace\8-2-build-windows-amd64-cygwin\jdk8u171\10807\hotspot\src\share\vm\classfile\systemDictionary.cpp, line 199]
Event: 1.872 Thread 0x0000000058402000 Exception <a 'java/lang/IncompatibleClassChangeError': Found class java.lang.Object, but interface was expected> (0x00000000eb583540) thrown at [C:\re\workspace\8-2-build-windows-amd64-cygwin\jdk8u171\10807\hotspot\src\share\vm\interpreter\linkResolver.cp

Events (10 events):
Event: 2.490 loading class org/springframework/http/server/reactive/HttpHandler
Event: 2.490 loading class org/springframework/http/server/reactive/HttpHandler done
Event: 2.491 loading class org/springframework/http/ReactiveHttpInputMessage
Event: 2.491 loading class org/springframework/http/ReactiveHttpInputMessage done
Event: 2.491 loading class org/springframework/web/reactive/config/WebFluxConfigurer
Event: 2.491 loading class org/springframework/web/reactive/config/WebFluxConfigurer done
Event: 2.491 loading class org/springframework/web/reactive/config/WebFluxConfigurer
Event: 2.491 loading class org/springframework/web/reactive/config/WebFluxConfigurer done
Event: 2.491 loading class org/springframework/web/reactive/function/client/WebClient
Event: 2.491 loading class org/springframework/web/reactive/function/client/WebClient done


Dynamic libraries:
0x000000013fd30000 - 0x000000013fd67000 	C:\Program Files\Java\jdk1.8.0_171\bin\java.exe
0x0000000077700000 - 0x00000000778aa000 	C:\Windows\SYSTEM32\ntdll.dll
0x00000000774e0000 - 0x00000000775ff000 	C:\Windows\system32\kernel32.dll
0x000007fefd420000 - 0x000007fefd48a000 	C:\Windows\system32\KERNELBASE.dll
0x000007feff830000 - 0x000007feff90b000 	C:\Windows\system32\ADVAPI32.dll
0x000007fefdc30000 - 0x000007fefdccf000 	C:\Windows\system32\msvcrt.dll
0x000007feff910000 - 0x000007feff92f000 	C:\Windows\SYSTEM32\sechost.dll
0x000007feff4e0000 - 0x000007feff60d000 	C:\Windows\system32\RPCRT4.dll
0x0000000077600000 - 0x00000000776fa000 	C:\Windows\system32\USER32.dll
0x000007feff7c0000 - 0x000007feff827000 	C:\Windows\system32\GDI32.dll
0x000007feff670000 - 0x000007feff67e000 	C:\Windows\system32\LPK.dll
0x000007fefe650000 - 0x000007fefe71a000 	C:\Windows\system32\USP10.dll
0x000007fefbcb0000 - 0x000007fefbea4000 	C:\Windows\WinSxS\amd64_microsoft.windows.common-controls_6595b64144ccf1df_6.0.7601.18837_none_fa3b1e3d17594757\COMCTL32.dll
0x000007fefe0c0000 - 0x000007fefe131000 	C:\Windows\system32\SHLWAPI.dll
0x000007feff4b0000 - 0x000007feff4de000 	C:\Windows\system32\IMM32.DLL
0x000007fefdfa0000 - 0x000007fefe0a9000 	C:\Windows\system32\MSCTF.dll
0x000007fefd330000 - 0x000007fefd356000 	C:\Windows\system32\vmwsci.dll
0x00000000778d0000 - 0x00000000778d7000 	C:\Windows\system32\PSAPI.DLL
0x0000000066ab0000 - 0x0000000066b82000 	C:\Program Files\Java\jdk1.8.0_171\jre\bin\msvcr100.dll
0x0000000056be0000 - 0x0000000057480000 	C:\Program Files\Java\jdk1.8.0_171\jre\bin\server\jvm.dll
0x000007fef92a0000 - 0x000007fef92a9000 	C:\Windows\system32\WSOCK32.dll
0x000007fefe600000 - 0x000007fefe64d000 	C:\Windows\system32\WS2_32.dll
0x000007fefe0b0000 - 0x000007fefe0b8000 	C:\Windows\system32\NSI.dll
0x000007fef9300000 - 0x000007fef933b000 	C:\Windows\system32\WINMM.dll
0x000007fefc720000 - 0x000007fefc72c000 	C:\Windows\system32\VERSION.dll
0x0000000071430000 - 0x000000007143f000 	C:\Program Files\Java\jdk1.8.0_171\jre\bin\verify.dll
0x0000000070dd0000 - 0x0000000070df9000 	C:\Program Files\Java\jdk1.8.0_171\jre\bin\java.dll
0x0000000070bb0000 - 0x0000000070bd3000 	C:\Program Files\Java\jdk1.8.0_171\jre\bin\instrument.dll
0x0000000070db0000 - 0x0000000070dc6000 	C:\Program Files\Java\jdk1.8.0_171\jre\bin\zip.dll
0x000007fefe720000 - 0x000007feff4aa000 	C:\Windows\system32\SHELL32.dll
0x000007fefd850000 - 0x000007fefda4c000 	C:\Windows\system32\ole32.dll
0x000007fefd3f0000 - 0x000007fefd3ff000 	C:\Windows\system32\profapi.dll
0x000007feea750000 - 0x000007feea76a000 	D:\IntelliJ IDEA 2018.2.4\bin\breakgen64.dll
0x0000000070bf0000 - 0x0000000070c0a000 	C:\Program Files\Java\jdk1.8.0_171\jre\bin\net.dll
0x000007fefcb40000 - 0x000007fefcb95000 	C:\Windows\system32\mswsock.dll
0x000007fefce10000 - 0x000007fefce17000 	C:\Windows\System32\wship6.dll
0x0000000070b80000 - 0x0000000070b8d000 	C:\Program Files\Java\jdk1.8.0_171\jre\bin\management.dll
0x000007fefb0e0000 - 0x000007fefb0f5000 	C:\Windows\system32\NLAapi.dll
0x000007fef9c20000 - 0x000007fef9c35000 	C:\Windows\system32\napinsp.dll
0x000007fef9c40000 - 0x000007fef9c59000 	C:\Windows\system32\pnrpnsp.dll
0x000007fefc9d0000 - 0x000007fefca2b000 	C:\Windows\system32\DNSAPI.dll
0x000007fef9c10000 - 0x000007fef9c1b000 	C:\Windows\System32\winrnr.dll
0x000007fefc430000 - 0x000007fefc437000 	C:\Windows\System32\wshtcpip.dll
0x000007fefabf0000 - 0x000007fefac17000 	C:\Windows\system32\IPHLPAPI.DLL
0x000007fefabe0000 - 0x000007fefabeb000 	C:\Windows\system32\WINNSI.DLL
0x000007fef9c60000 - 0x000007fef9c68000 	C:\Windows\system32\rasadhlp.dll
0x000007fefa130000 - 0x000007fefa183000 	C:\Windows\System32\fwpuclnt.dll
0x0000000070b90000 - 0x0000000070ba1000 	C:\Program Files\Java\jdk1.8.0_171\jre\bin\nio.dll

VM Arguments:
jvm_args: -javaagent:D:\IntelliJ IDEA 2018.2.4\lib\idea_rt.jar=58870:D:\IntelliJ IDEA 2018.2.4\bin -Dfile.encoding=UTF-8 
java_command: info.Mr.Yang.mongodb.MongodbMain
java_class_path (initial): C:\Program Files\Java\jdk1.8.0_171\jre\lib\charsets.jar;C:\Program Files\Java\jdk1.8.0_171\jre\lib\deploy.jar;C:\Program Files\Java\jdk1.8.0_171\jre\lib\ext\access-bridge-64.jar;C:\Program Files\Java\jdk1.8.0_171\jre\lib\ext\cldrdata.jar;C:\Program Files\Java\jdk1.8.0_171\jre\lib\ext\dnsns.jar;C:\Program Files\Java\jdk1.8.0_171\jre\lib\ext\jaccess.jar;C:\Program Files\Java\jdk1.8.0_171\jre\lib\ext\jfxrt.jar;C:\Program Files\Java\jdk1.8.0_171\jre\lib\ext\localedata.jar;C:\Program Files\Java\jdk1.8.0_171\jre\lib\ext\nashorn.jar;C:\Program Files\Java\jdk1.8.0_171\jre\lib\ext\sunec.jar;C:\Program Files\Java\jdk1.8.0_171\jre\lib\ext\sunjce_provider.jar;C:\Program Files\Java\jdk1.8.0_171\jre\lib\ext\sunmscapi.jar;C:\Program Files\Java\jdk1.8.0_171\jre\lib\ext\sunpkcs11.jar;C:\Program Files\Java\jdk1.8.0_171\jre\lib\ext\zipfs.jar;C:\Program Files\Java\jdk1.8.0_171\jre\lib\javaws.jar;C:\Program Files\Java\jdk1.8.0_171\jre\lib\jce.jar;C:\Program Files\Java\jdk1.8.0_171\jre\lib\jfr.jar;C:\Program Files\Java\jdk1.8.0_171\jre\lib\jfxswt.jar;C:\Program Files\Java\jdk1.8.0_171\jre\lib\jsse.jar;C:\Program Files\Java\jdk1.8.0_171\jre\lib\management-agent.jar;C:\Program Files\Java\jdk1.8.0_171\jre\lib\plugin.jar;C:\Program Files\Java\jdk1.8.0_171\jre\lib\resources.jar;C:\Program Files\Java\jdk1.8.0_171\jre\lib\rt.jar;D:\Mobile\springboot\SpringBootUnity\mongodb\target\classes;D:\Mobile\springboot\SpringBootUnity\core\target\classes;C:\Users\101835\.m2\repository\org\springframework\boot\spring-boot-starter\2.0.3.RELEASE\spring-boot-starter-2.0.3.RELEASE.jar;C:\Users\101835\.m2\repository\org\springframework\boot\spring-boot\2.0.3.RELEASE\spring-boot-2.0.3.RELEASE.jar;C:\Users\101835\.m2\repository\org\springframework\boot\spring-boot-autoconfigure\2.0.3.RELEASE\spring-boot-autoconfigure-2.0.3.RELEASE.jar;C:\Users\101835\.m2\repository\org\springframework\boot\spring-boot-starter-logging\2.0.3.RELEASE\spring-boot-starter-logging-2.0.3.RELEASE.jar;C:\Users
Launcher Type: SUN_STANDARD

Environment Variables:
JAVA_HOME=C:\Program Files\Java\jdk1.8.0_171
CLASSPATH=.;C:\Program Files\Java\jdk1.8.0_171\lib;C:\Program Files\Java\jdk1.8.0_171\lib\dt.jar;C:\Program Files\Java\jdk1.8.0_171\lib\tools.jar
PATH=C:\Program Files (x86)\Common Files\Oracle\Java\javapath;C:\Windows\system32;C:\Windows;C:\Windows\System32\Wbem;C:\Windows\System32\WindowsPowerShell\v1.0\;C:\Program Files\Git\cmd;C:\Program Files\Common Files\ThinPrint\;C:\Program Files\Java\jdk1.8.0_171\bin;C:\Program Files\Java\jdk1.8.0_171\jre\bin;D:\apache-maven-3.5.4\bin;;C:\Program Files\Microsoft VS Code\bin;C:\ProgramData\chocolatey\bin;C:\Program Files (x86)\Yarn\bin\;C:\Program Files\nodejs\;C:\Users\101835\.windows-build-tools\python27\;C:\Users\101835\AppData\Roaming\npm\node_modules\npm\node_modules\npm-lifecycle\node-gyp-bin;C:\Users\101835\AppData\Roaming\npm\node_modules\windows-build-tools\node_modules\.bin;C:\Users\101835\AppData\Roaming\npm\node_modules\.bin;C:\Program Files (x86)\Common Files\Oracle\Java\javapath;C:\Windows\system32;C:\Windows;C:\Windows\System32\Wbem;C:\Windows\System32\WindowsPowerShell\v1.0\;C:\Program Files\Git\cmd;C:\Program Files\Common Files\ThinPrint\;C:\Program Files\Java\jdk1.8.0_171\bin;C:\Program Files\Java\jdk1.8.0_171\jre\bin;D:\apache-maven-3.5.4\bin;;C:\Program Files\Microsoft VS Code\bin;C:\ProgramData\chocolatey\bin;C:\Program Files (x86)\Yarn\bin\;C:\Program Files\nodejs\;C:\Program Files\Microsoft VS Code\bin;C:\Users\101835\AppData\Local\Yarn\bin;C:\Users\101835\AppData\Roaming\npm
USERNAME=101835
OS=Windows_NT
PROCESSOR_IDENTIFIER=Intel64 Family 6 Model 58 Stepping 0, GenuineIntel



---------------  S Y S T E M  ---------------

OS: Windows 7 , 64 bit Build 7601 (6.1.7601.23796)

CPU:total 4 (initial active 4) (2 cores per cpu, 1 threads per core) family 6 model 58 stepping 0, cmov, cx8, fxsr, mmx, sse, sse2, sse3, ssse3, sse4.1, sse4.2, popcnt, avx, aes, clmul, erms, tsc, tscinvbit, tscinv

Memory: 4k page, physical 4193848k(100812k free), swap 5833532k(5088k free)

vm_info: Java HotSpot(TM) 64-Bit Server VM (25.171-b11) for windows-amd64 JRE (1.8.0_171-b11), built on Mar 28 2018 16:06:12 by "java_re" with MS VC++ 10.0 (VS2010)

time: Thu Jan 10 15:16:05 2019
elapsed time: 2 seconds (0d 0h 0m 2s)

